<?xml version="1.0" encoding="UTF-8"?>
<!-- Generated by org.testng.reporters.JUnitXMLReporter -->
<testsuite ignored="0" hostname="DESKTOP-BS11RA5" failures="3" tests="46" name="Test" time="396.289" errors="0" timestamp="2023-11-28T14:26:51 IST">
  <testcase classname="com.Bibhu.WebAutomation.TabHandle" name="launchBrowser" time="5.107"/>
  <testcase classname="com.Bibhu.WebAutomation.TabHandle" name="launchApplication" time="13.555"/>
  <testcase classname="com.Bibhu.WebAutomation.TabHandle" name="titleofWindowsTab" time="0.709"/>
  <testcase classname="com.Bibhu.WebAutomation.TabHandle" name="windowsTabOperations" time="10.284"/>
  <testcase classname="com.Bibhu.WebAutomation.confirmationPopHandle" name="launchBrowser" time="4.036"/>
  <testcase classname="com.Bibhu.WebAutomation.confirmationPopHandle" name="launchApplication" time="18.969"/>
  <testcase classname="com.Bibhu.WebAutomation.confirmationPopHandle" name="confirmationpopUpOperations" time="25.734"/>
  <testcase classname="com.Bibhu.WebAutomation.confirmationPopHandle" name="titleOfAlertPop" time="0.054"/>
  <testcase classname="com.Bibhu.ObjectRepository.DataProviderTest" name="receiveTestData" time="0.0"/>
  <testcase classname="com.Bibhu.ObjectRepository.DataProviderTest" name="receiveTestData" time="0.001"/>
  <testcase classname="com.Bibhu.ObjectRepository.DataProviderTest" name="receiveTestData" time="0.001"/>
  <testcase classname="com.Bibhu.Parameterization.parameterizationTest" name="testParameterAtSuiteLevel" time="0.0"/>
  <testcase classname="com.Bibhu.WebAutomation.launchChromeBrowser" name="launchBrowser" time="3.365"/>
  <testcase classname="com.Bibhu.WebAutomation.launchChromeBrowser" name="launchApplication" time="18.259"/>
  <testcase classname="com.Bibhu.WebAutomation.launchChromeBrowser" name="selectProduct" time="7.709"/>
  <testcase classname="com.Bibhu.WebAutomation.launchChromeBrowser" name="verifyHomePageTitle" time="0.01"/>
  <testcase classname="com.Bibhu.WebAutomation.launchChromeBrowser" name="VerifyItemAddedToCart" time="0.252"/>
  <testcase classname="com.Bibhu.ObjectRepository.readPropertiesTest" name="readConfigProperties1" time="0.001"/>
  <testcase classname="com.Bibhu.ObjectRepository.readPropertiesTest" name="readConfigProperties2" time="0.001"/>
  <testcase classname="com.Bibhu.WebAutomation.WindowsHandle" name="launchBrowser" time="3.448"/>
  <testcase classname="com.Bibhu.WebAutomation.WindowsHandle" name="launchApplication" time="12.871"/>
  <testcase classname="com.Bibhu.WebAutomation.WindowsHandle" name="titleofWindows" time="0.384"/>
  <testcase classname="com.Bibhu.WebAutomation.WindowsHandle" name="windowsOperations" time="16.467"/>
  <testcase classname="com.Bibhu.WebAutomation.IframesHandle" name="launchBrowser" time="3.715"/>
  <testcase classname="com.Bibhu.WebAutomation.IframesHandle" name="launchApplication" time="17.346"/>
  <testcase classname="com.Bibhu.WebAutomation.IframesHandle" name="iframeOperation" time="20.252"/>
  <testcase classname="com.Bibhu.WebAutomation.IframesHandle" name="verifyTitleofIframe" time="5.088">
    <failure type="org.openqa.selenium.NoSuchElementException" message="no such element: Unable to locate element: {&amp;quot;method&amp;quot;:&amp;quot;xpath&amp;quot;,&amp;quot;selector&amp;quot;:&amp;quot;/html/body/div[5]/fieldset/legend&amp;quot;}
  (Session info: chrome=119.0.6045.160)
For documentation on this error, please visit: https://www.selenium.dev/documentation/webdriver/troubleshooting/errors#no-such-element-exception
Build info: version: &amp;apos;4.15.0&amp;apos;, revision: &amp;apos;1d14b5521b&amp;apos;
System info: os.name: &amp;apos;Windows 10&amp;apos;, os.arch: &amp;apos;amd64&amp;apos;, os.version: &amp;apos;10.0&amp;apos;, java.version: &amp;apos;17.0.9&amp;apos;
Driver info: org.openqa.selenium.chrome.ChromeDriver
Command: [d5f64e434ec673f70d3993553fbc328a, findElement {using=xpath, value=/html/body/div[5]/fieldset/legend}]
Capabilities {acceptInsecureCerts: false, browserName: chrome, browserVersion: 119.0.6045.160, chrome: {chromedriverVersion: 119.0.6045.159 (eaa767197fa..., userDataDir: C:\Users\Bibhu\AppData\Loca...}, fedcm:accounts: true, goog:chromeOptions: {debuggerAddress: localhost:49277}, networkConnectionEnabled: false, pageLoadStrategy: normal, platformName: windows, proxy: Proxy(), se:cdp: ws://localhost:49277/devtoo..., se:cdpVersion: 119.0.6045.160, setWindowRect: true, strictFileInteractability: false, timeouts: {implicit: 0, pageLoad: 300000, script: 30000}, unhandledPromptBehavior: dismiss and notify, webauthn:extension:credBlob: true, webauthn:extension:largeBlob: true, webauthn:extension:minPinLength: true, webauthn:extension:prf: true, webauthn:virtualAuthenticators: true}
Session ID: d5f64e434ec673f70d3993553fbc328a">
      <![CDATA[org.openqa.selenium.NoSuchElementException: no such element: Unable to locate element: {"method":"xpath","selector":"/html/body/div[5]/fieldset/legend"}
  (Session info: chrome=119.0.6045.160)
For documentation on this error, please visit: https://www.selenium.dev/documentation/webdriver/troubleshooting/errors#no-such-element-exception
Build info: version: '4.15.0', revision: '1d14b5521b'
System info: os.name: 'Windows 10', os.arch: 'amd64', os.version: '10.0', java.version: '17.0.9'
Driver info: org.openqa.selenium.chrome.ChromeDriver
Command: [d5f64e434ec673f70d3993553fbc328a, findElement {using=xpath, value=/html/body/div[5]/fieldset/legend}]
Capabilities {acceptInsecureCerts: false, browserName: chrome, browserVersion: 119.0.6045.160, chrome: {chromedriverVersion: 119.0.6045.159 (eaa767197fa..., userDataDir: C:\Users\Bibhu\AppData\Loca...}, fedcm:accounts: true, goog:chromeOptions: {debuggerAddress: localhost:49277}, networkConnectionEnabled: false, pageLoadStrategy: normal, platformName: windows, proxy: Proxy(), se:cdp: ws://localhost:49277/devtoo..., se:cdpVersion: 119.0.6045.160, setWindowRect: true, strictFileInteractability: false, timeouts: {implicit: 0, pageLoad: 300000, script: 30000}, unhandledPromptBehavior: dismiss and notify, webauthn:extension:credBlob: true, webauthn:extension:largeBlob: true, webauthn:extension:minPinLength: true, webauthn:extension:prf: true, webauthn:virtualAuthenticators: true}
Session ID: d5f64e434ec673f70d3993553fbc328a
at org.openqa.selenium.remote.codec.w3c.W3CHttpResponseCodec.createException(W3CHttpResponseCodec.java:200)
at org.openqa.selenium.remote.codec.w3c.W3CHttpResponseCodec.decode(W3CHttpResponseCodec.java:133)
at org.openqa.selenium.remote.codec.w3c.W3CHttpResponseCodec.decode(W3CHttpResponseCodec.java:52)
at org.openqa.selenium.remote.HttpCommandExecutor.execute(HttpCommandExecutor.java:191)
at org.openqa.selenium.remote.service.DriverCommandExecutor.invokeExecute(DriverCommandExecutor.java:200)
at org.openqa.selenium.remote.service.DriverCommandExecutor.execute(DriverCommandExecutor.java:175)
at org.openqa.selenium.remote.RemoteWebDriver.execute(RemoteWebDriver.java:607)
at org.openqa.selenium.remote.ElementLocation$ElementFinder$2.findElement(ElementLocation.java:165)
at org.openqa.selenium.remote.ElementLocation.findElement(ElementLocation.java:59)
at org.openqa.selenium.remote.RemoteWebDriver.findElement(RemoteWebDriver.java:364)
at org.openqa.selenium.remote.RemoteWebDriver.findElement(RemoteWebDriver.java:358)
at com.Bibhu.WebAutomation.IframesHandle.verifyTitleofIframe(IframesHandle.java:70)
at java.base/java.util.ArrayList.forEach(ArrayList.java:1511)
... Removed 36 stack frames]]>
    </failure>
  </testcase> <!-- verifyTitleofIframe -->
  <testcase classname="com.Bibhu.WebAutomation.WebTableHandle" name="launchBrowser" time="3.801"/>
  <testcase classname="com.Bibhu.WebAutomation.WebTableHandle" name="launchApplication" time="19.43"/>
  <testcase classname="com.Bibhu.WebAutomation.WebTableHandle" name="titleOfWebLink" time="0.419"/>
  <testcase classname="com.Bibhu.WebAutomation.WebTableHandle" name="webTableOperation" time="5.494"/>
  <testcase classname="com.Bibhu.WebAutomation.RadioButtons" name="launchBrowser" time="5.607"/>
  <testcase classname="com.Bibhu.WebAutomation.RadioButtons" name="launchApplication" time="23.433"/>
  <testcase classname="com.Bibhu.WebAutomation.RadioButtons" name="RadioButtonOperations" time="20.12">
    <failure type="org.openqa.selenium.NoSuchElementException" message="no such element: Unable to locate element: {&amp;quot;method&amp;quot;:&amp;quot;xpath&amp;quot;,&amp;quot;selector&amp;quot;:&amp;quot;//*[@id=&amp;quot;radio-btn-example&amp;quot;]/fieldset/label[1]/input&amp;quot;}
  (Session info: chrome=119.0.6045.160)
For documentation on this error, please visit: https://www.selenium.dev/documentation/webdriver/troubleshooting/errors#no-such-element-exception
Build info: version: &amp;apos;4.15.0&amp;apos;, revision: &amp;apos;1d14b5521b&amp;apos;
System info: os.name: &amp;apos;Windows 10&amp;apos;, os.arch: &amp;apos;amd64&amp;apos;, os.version: &amp;apos;10.0&amp;apos;, java.version: &amp;apos;17.0.9&amp;apos;
Driver info: org.openqa.selenium.chrome.ChromeDriver
Command: [4943a1f85df76d769077bf8f07ec2e5c, findElement {using=xpath, value=//*[@id=&amp;quot;radio-btn-example&amp;quot;]/fieldset/label[1]/input}]
Capabilities {acceptInsecureCerts: false, browserName: chrome, browserVersion: 119.0.6045.160, chrome: {chromedriverVersion: 119.0.6045.159 (eaa767197fa..., userDataDir: C:\Users\Bibhu\AppData\Loca...}, fedcm:accounts: true, goog:chromeOptions: {debuggerAddress: localhost:49365}, networkConnectionEnabled: false, pageLoadStrategy: normal, platformName: windows, proxy: Proxy(), se:cdp: ws://localhost:49365/devtoo..., se:cdpVersion: 119.0.6045.160, setWindowRect: true, strictFileInteractability: false, timeouts: {implicit: 0, pageLoad: 300000, script: 30000}, unhandledPromptBehavior: dismiss and notify, webauthn:extension:credBlob: true, webauthn:extension:largeBlob: true, webauthn:extension:minPinLength: true, webauthn:extension:prf: true, webauthn:virtualAuthenticators: true}
Session ID: 4943a1f85df76d769077bf8f07ec2e5c">
      <![CDATA[org.openqa.selenium.NoSuchElementException: no such element: Unable to locate element: {"method":"xpath","selector":"//*[@id="radio-btn-example"]/fieldset/label[1]/input"}
  (Session info: chrome=119.0.6045.160)
For documentation on this error, please visit: https://www.selenium.dev/documentation/webdriver/troubleshooting/errors#no-such-element-exception
Build info: version: '4.15.0', revision: '1d14b5521b'
System info: os.name: 'Windows 10', os.arch: 'amd64', os.version: '10.0', java.version: '17.0.9'
Driver info: org.openqa.selenium.chrome.ChromeDriver
Command: [4943a1f85df76d769077bf8f07ec2e5c, findElement {using=xpath, value=//*[@id="radio-btn-example"]/fieldset/label[1]/input}]
Capabilities {acceptInsecureCerts: false, browserName: chrome, browserVersion: 119.0.6045.160, chrome: {chromedriverVersion: 119.0.6045.159 (eaa767197fa..., userDataDir: C:\Users\Bibhu\AppData\Loca...}, fedcm:accounts: true, goog:chromeOptions: {debuggerAddress: localhost:49365}, networkConnectionEnabled: false, pageLoadStrategy: normal, platformName: windows, proxy: Proxy(), se:cdp: ws://localhost:49365/devtoo..., se:cdpVersion: 119.0.6045.160, setWindowRect: true, strictFileInteractability: false, timeouts: {implicit: 0, pageLoad: 300000, script: 30000}, unhandledPromptBehavior: dismiss and notify, webauthn:extension:credBlob: true, webauthn:extension:largeBlob: true, webauthn:extension:minPinLength: true, webauthn:extension:prf: true, webauthn:virtualAuthenticators: true}
Session ID: 4943a1f85df76d769077bf8f07ec2e5c
at org.openqa.selenium.remote.codec.w3c.W3CHttpResponseCodec.createException(W3CHttpResponseCodec.java:200)
at org.openqa.selenium.remote.codec.w3c.W3CHttpResponseCodec.decode(W3CHttpResponseCodec.java:133)
at org.openqa.selenium.remote.codec.w3c.W3CHttpResponseCodec.decode(W3CHttpResponseCodec.java:52)
at org.openqa.selenium.remote.HttpCommandExecutor.execute(HttpCommandExecutor.java:191)
at org.openqa.selenium.remote.service.DriverCommandExecutor.invokeExecute(DriverCommandExecutor.java:200)
at org.openqa.selenium.remote.service.DriverCommandExecutor.execute(DriverCommandExecutor.java:175)
at org.openqa.selenium.remote.RemoteWebDriver.execute(RemoteWebDriver.java:607)
at org.openqa.selenium.remote.ElementLocation$ElementFinder$2.findElement(ElementLocation.java:165)
at org.openqa.selenium.remote.ElementLocation.findElement(ElementLocation.java:59)
at org.openqa.selenium.remote.RemoteWebDriver.findElement(RemoteWebDriver.java:364)
at org.openqa.selenium.remote.RemoteWebDriver.findElement(RemoteWebDriver.java:358)
at org.openqa.selenium.support.pagefactory.DefaultElementLocator.findElement(DefaultElementLocator.java:68)
at org.openqa.selenium.support.pagefactory.internal.LocatingElementHandler.invoke(LocatingElementHandler.java:38)
at jdk.proxy2/jdk.proxy2.$Proxy13.isSelected(Unknown Source)
at com.Bibhu.WebAutomation.RadioButtons.RadioButtonOperations(RadioButtons.java:65)
at java.base/java.util.ArrayList.forEach(ArrayList.java:1511)
... Removed 36 stack frames]]>
    </failure>
  </testcase> <!-- RadioButtonOperations -->
  <testcase classname="com.Bibhu.WebAutomation.RadioButtons" name="verifyRadioButtonPageTitle" time="20.06">
    <failure type="org.openqa.selenium.NoSuchElementException" message="no such element: Unable to locate element: {&amp;quot;method&amp;quot;:&amp;quot;xpath&amp;quot;,&amp;quot;selector&amp;quot;:&amp;quot;//*[@id=&amp;quot;radio-btn-example&amp;quot;]/fieldset/legend&amp;quot;}
  (Session info: chrome=119.0.6045.160)
For documentation on this error, please visit: https://www.selenium.dev/documentation/webdriver/troubleshooting/errors#no-such-element-exception
Build info: version: &amp;apos;4.15.0&amp;apos;, revision: &amp;apos;1d14b5521b&amp;apos;
System info: os.name: &amp;apos;Windows 10&amp;apos;, os.arch: &amp;apos;amd64&amp;apos;, os.version: &amp;apos;10.0&amp;apos;, java.version: &amp;apos;17.0.9&amp;apos;
Driver info: org.openqa.selenium.chrome.ChromeDriver
Command: [4943a1f85df76d769077bf8f07ec2e5c, findElement {using=xpath, value=//*[@id=&amp;quot;radio-btn-example&amp;quot;]/fieldset/legend}]
Capabilities {acceptInsecureCerts: false, browserName: chrome, browserVersion: 119.0.6045.160, chrome: {chromedriverVersion: 119.0.6045.159 (eaa767197fa..., userDataDir: C:\Users\Bibhu\AppData\Loca...}, fedcm:accounts: true, goog:chromeOptions: {debuggerAddress: localhost:49365}, networkConnectionEnabled: false, pageLoadStrategy: normal, platformName: windows, proxy: Proxy(), se:cdp: ws://localhost:49365/devtoo..., se:cdpVersion: 119.0.6045.160, setWindowRect: true, strictFileInteractability: false, timeouts: {implicit: 0, pageLoad: 300000, script: 30000}, unhandledPromptBehavior: dismiss and notify, webauthn:extension:credBlob: true, webauthn:extension:largeBlob: true, webauthn:extension:minPinLength: true, webauthn:extension:prf: true, webauthn:virtualAuthenticators: true}
Session ID: 4943a1f85df76d769077bf8f07ec2e5c">
      <![CDATA[org.openqa.selenium.NoSuchElementException: no such element: Unable to locate element: {"method":"xpath","selector":"//*[@id="radio-btn-example"]/fieldset/legend"}
  (Session info: chrome=119.0.6045.160)
For documentation on this error, please visit: https://www.selenium.dev/documentation/webdriver/troubleshooting/errors#no-such-element-exception
Build info: version: '4.15.0', revision: '1d14b5521b'
System info: os.name: 'Windows 10', os.arch: 'amd64', os.version: '10.0', java.version: '17.0.9'
Driver info: org.openqa.selenium.chrome.ChromeDriver
Command: [4943a1f85df76d769077bf8f07ec2e5c, findElement {using=xpath, value=//*[@id="radio-btn-example"]/fieldset/legend}]
Capabilities {acceptInsecureCerts: false, browserName: chrome, browserVersion: 119.0.6045.160, chrome: {chromedriverVersion: 119.0.6045.159 (eaa767197fa..., userDataDir: C:\Users\Bibhu\AppData\Loca...}, fedcm:accounts: true, goog:chromeOptions: {debuggerAddress: localhost:49365}, networkConnectionEnabled: false, pageLoadStrategy: normal, platformName: windows, proxy: Proxy(), se:cdp: ws://localhost:49365/devtoo..., se:cdpVersion: 119.0.6045.160, setWindowRect: true, strictFileInteractability: false, timeouts: {implicit: 0, pageLoad: 300000, script: 30000}, unhandledPromptBehavior: dismiss and notify, webauthn:extension:credBlob: true, webauthn:extension:largeBlob: true, webauthn:extension:minPinLength: true, webauthn:extension:prf: true, webauthn:virtualAuthenticators: true}
Session ID: 4943a1f85df76d769077bf8f07ec2e5c
at org.openqa.selenium.remote.codec.w3c.W3CHttpResponseCodec.createException(W3CHttpResponseCodec.java:200)
at org.openqa.selenium.remote.codec.w3c.W3CHttpResponseCodec.decode(W3CHttpResponseCodec.java:133)
at org.openqa.selenium.remote.codec.w3c.W3CHttpResponseCodec.decode(W3CHttpResponseCodec.java:52)
at org.openqa.selenium.remote.HttpCommandExecutor.execute(HttpCommandExecutor.java:191)
at org.openqa.selenium.remote.service.DriverCommandExecutor.invokeExecute(DriverCommandExecutor.java:200)
at org.openqa.selenium.remote.service.DriverCommandExecutor.execute(DriverCommandExecutor.java:175)
at org.openqa.selenium.remote.RemoteWebDriver.execute(RemoteWebDriver.java:607)
at org.openqa.selenium.remote.ElementLocation$ElementFinder$2.findElement(ElementLocation.java:165)
at org.openqa.selenium.remote.ElementLocation.findElement(ElementLocation.java:59)
at org.openqa.selenium.remote.RemoteWebDriver.findElement(RemoteWebDriver.java:364)
at org.openqa.selenium.remote.RemoteWebDriver.findElement(RemoteWebDriver.java:358)
at org.openqa.selenium.support.pagefactory.DefaultElementLocator.findElement(DefaultElementLocator.java:68)
at org.openqa.selenium.support.pagefactory.internal.LocatingElementHandler.invoke(LocatingElementHandler.java:38)
at jdk.proxy2/jdk.proxy2.$Proxy13.getText(Unknown Source)
at com.Bibhu.PageFactory.RadioButtonFactory.getTitleOfRadioButton(RadioButtonFactory.java:42)
at com.Bibhu.WebAutomation.RadioButtons.verifyRadioButtonPageTitle(RadioButtons.java:53)
at java.base/java.util.ArrayList.forEach(ArrayList.java:1511)
... Removed 36 stack frames]]>
    </failure>
  </testcase> <!-- verifyRadioButtonPageTitle -->
  <testcase classname="com.Bibhu.WebAutomation.checkBox" name="launchBrowser" time="3.879"/>
  <testcase classname="com.Bibhu.WebAutomation.checkBox" name="launchApplication" time="15.374"/>
  <testcase classname="com.Bibhu.WebAutomation.checkBox" name="checkBoxOperations" time="5.684"/>
  <testcase classname="com.Bibhu.WebAutomation.checkBox" name="verifyTitleOfCheckbox" time="0.05"/>
  <testcase classname="com.Bibhu.WebAutomation.dropdowns" name="launchBrowser" time="3.67"/>
  <testcase classname="com.Bibhu.WebAutomation.dropdowns" name="launchApplication" time="23.171"/>
  <testcase classname="com.Bibhu.WebAutomation.dropdowns" name="SelectAllOptionsDropdown" time="1.052"/>
  <testcase classname="com.Bibhu.WebAutomation.dropdowns" name="dropdownTitle" time="4.277"/>
  <testcase classname="com.Bibhu.WebAutomation.SearchAutosugesstion" name="launchBrowser" time="4.937"/>
  <testcase classname="com.Bibhu.WebAutomation.SearchAutosugesstion" name="launchApplication" time="31.706"/>
  <testcase classname="com.Bibhu.WebAutomation.SearchAutosugesstion" name="searchAutoSuggestion" time="5.765"/>
</testsuite> <!-- Test -->
