<html>
<head>
<title>TestNG:  Test</title>
<link href="../testng.css" rel="stylesheet" type="text/css" />
<link href="../my-testng.css" rel="stylesheet" type="text/css" />

<style type="text/css">
.log { display: none;} 
.stack-trace { display: none;} 
</style>
<script type="text/javascript">
<!--
function flip(e) {
  current = e.style.display;
  if (current == 'block') {
    e.style.display = 'none';
    return 0;
  }
  else {
    e.style.display = 'block';
    return 1;
  }
}

function toggleBox(szDivId, elem, msg1, msg2)
{
  var res = -1;  if (document.getElementById) {
    res = flip(document.getElementById(szDivId));
  }
  else if (document.all) {
    // this is the way old msie versions work
    res = flip(document.all[szDivId]);
  }
  if(elem) {
    if(res == 0) elem.innerHTML = msg1; else elem.innerHTML = msg2;
  }

}

function toggleAllBoxes() {
  if (document.getElementsByTagName) {
    d = document.getElementsByTagName('div');
    for (i = 0; i < d.length; i++) {
      if (d[i].className == 'log') {
        flip(d[i]);
      }
    }
  }
}

// -->
</script>

</head>
<body>
<h2 align='center'>Test</h2><table border='1' align="center">
<tr>
<td>Tests passed/Failed/Skipped:</td><td>43/3/0</td>
</tr><tr>
<td>Started on:</td><td>Tue Nov 28 14:20:15 IST 2023</td>
</tr>
<tr><td>Total time:</td><td>396 seconds (396289 ms)</td>
</tr><tr>
<td>Included groups:</td><td></td>
</tr><tr>
<td>Excluded groups:</td><td></td>
</tr>
</table><p/>
<small><i>(Hover the method name to see the test class name)</i></small><p/>
<table width='100%' border='1' class='invocation-failed'>
<tr><td colspan='4' align='center'><b>FAILED TESTS</b></td></tr>
<tr><td><b>Test method</b></td>
<td><b>Attribute(s)</b></td>
<td width="30%"><b>Exception</b></td>
<td width="10%"><b>Time (seconds)</b></td>
<td><b>Instance</b></td>
</tr>
<tr>
<td title='com.Bibhu.WebAutomation.RadioButtons.verifyRadioButtonPageTitle()'><b>verifyRadioButtonPageTitle</b><br>Test class: com.Bibhu.WebAutomation.RadioButtons<br>Test method: verify titile of radioButton link</td>
<td><div><pre>org.openqa.selenium.NoSuchElementException: no such element: Unable to locate element: {&quot;method&quot;:&quot;xpath&quot;,&quot;selector&quot;:&quot;//*[@id=&quot;radio-btn-example&quot;]/fieldset/legend&quot;}
  (Session info: chrome=119.0.6045.160)
For documentation on this error, please visit: https://www.selenium.dev/documentation/webdriver/troubleshooting/errors#no-such-element-exception
Build info: version: &apos;4.15.0&apos;, revision: &apos;1d14b5521b&apos;
System info: os.name: &apos;Windows 10&apos;, os.arch: &apos;amd64&apos;, os.version: &apos;10.0&apos;, java.version: &apos;17.0.9&apos;
Driver info: org.openqa.selenium.chrome.ChromeDriver
Command: [4943a1f85df76d769077bf8f07ec2e5c, findElement {using=xpath, value=//*[@id=&quot;radio-btn-example&quot;]/fieldset/legend}]
Capabilities {acceptInsecureCerts: false, browserName: chrome, browserVersion: 119.0.6045.160, chrome: {chromedriverVersion: 119.0.6045.159 (eaa767197fa..., userDataDir: C:\Users\Bibhu\AppData\Loca...}, fedcm:accounts: true, goog:chromeOptions: {debuggerAddress: localhost:49365}, networkConnectionEnabled: false, pageLoadStrategy: normal, platformName: windows, proxy: Proxy(), se:cdp: ws://localhost:49365/devtoo..., se:cdpVersion: 119.0.6045.160, setWindowRect: true, strictFileInteractability: false, timeouts: {implicit: 0, pageLoad: 300000, script: 30000}, unhandledPromptBehavior: dismiss and notify, webauthn:extension:credBlob: true, webauthn:extension:largeBlob: true, webauthn:extension:minPinLength: true, webauthn:extension:prf: true, webauthn:virtualAuthenticators: true}
Session ID: 4943a1f85df76d769077bf8f07ec2e5c
	at org.openqa.selenium.remote.codec.w3c.W3CHttpResponseCodec.createException(W3CHttpResponseCodec.java:200)
	at org.openqa.selenium.remote.codec.w3c.W3CHttpResponseCodec.decode(W3CHttpResponseCodec.java:133)
	at org.openqa.selenium.remote.codec.w3c.W3CHttpResponseCodec.decode(W3CHttpResponseCodec.java:52)
	at org.openqa.selenium.remote.HttpCommandExecutor.execute(HttpCommandExecutor.java:191)
	at org.openqa.selenium.remote.service.DriverCommandExecutor.invokeExecute(DriverCommandExecutor.java:200)
	at org.openqa.selenium.remote.service.DriverCommandExecutor.execute(DriverCommandExecutor.java:175)
	at org.openqa.selenium.remote.RemoteWebDriver.execute(RemoteWebDriver.java:607)
	at org.openqa.selenium.remote.ElementLocation$ElementFinder$2.findElement(ElementLocation.java:165)
	at org.openqa.selenium.remote.ElementLocation.findElement(ElementLocation.java:59)
	at org.openqa.selenium.remote.RemoteWebDriver.findElement(RemoteWebDriver.java:364)
	at org.openqa.selenium.remote.RemoteWebDriver.findElement(RemoteWebDriver.java:358)
	at org.openqa.selenium.support.pagefactory.DefaultElementLocator.findElement(DefaultElementLocator.java:68)
	at org.openqa.selenium.support.pagefactory.internal.LocatingElementHandler.invoke(LocatingElementHandler.java:38)
	at jdk.proxy2/jdk.proxy2.$Proxy13.getText(Unknown Source)
	at com.Bibhu.PageFactory.RadioButtonFactory.getTitleOfRadioButton(RadioButtonFactory.java:42)
	at com.Bibhu.WebAutomation.RadioButtons.verifyRadioButtonPageTitle(RadioButtons.java:53)
	at java.base/java.util.ArrayList.forEach(ArrayList.java:1511)
... Removed 36 stack frames</pre></div><a href='#' onClick='toggleBox("stack-trace1636487850", this, "Click to show all stack frames", "Click to hide stack frames")'>Click to show all stack frames</a>
<div class='stack-trace' id='stack-trace1636487850'><pre>org.openqa.selenium.NoSuchElementException: no such element: Unable to locate element: {&quot;method&quot;:&quot;xpath&quot;,&quot;selector&quot;:&quot;//*[@id=&quot;radio-btn-example&quot;]/fieldset/legend&quot;}
  (Session info: chrome=119.0.6045.160)
For documentation on this error, please visit: https://www.selenium.dev/documentation/webdriver/troubleshooting/errors#no-such-element-exception
Build info: version: &apos;4.15.0&apos;, revision: &apos;1d14b5521b&apos;
System info: os.name: &apos;Windows 10&apos;, os.arch: &apos;amd64&apos;, os.version: &apos;10.0&apos;, java.version: &apos;17.0.9&apos;
Driver info: org.openqa.selenium.chrome.ChromeDriver
Command: [4943a1f85df76d769077bf8f07ec2e5c, findElement {using=xpath, value=//*[@id=&quot;radio-btn-example&quot;]/fieldset/legend}]
Capabilities {acceptInsecureCerts: false, browserName: chrome, browserVersion: 119.0.6045.160, chrome: {chromedriverVersion: 119.0.6045.159 (eaa767197fa..., userDataDir: C:\Users\Bibhu\AppData\Loca...}, fedcm:accounts: true, goog:chromeOptions: {debuggerAddress: localhost:49365}, networkConnectionEnabled: false, pageLoadStrategy: normal, platformName: windows, proxy: Proxy(), se:cdp: ws://localhost:49365/devtoo..., se:cdpVersion: 119.0.6045.160, setWindowRect: true, strictFileInteractability: false, timeouts: {implicit: 0, pageLoad: 300000, script: 30000}, unhandledPromptBehavior: dismiss and notify, webauthn:extension:credBlob: true, webauthn:extension:largeBlob: true, webauthn:extension:minPinLength: true, webauthn:extension:prf: true, webauthn:virtualAuthenticators: true}
Session ID: 4943a1f85df76d769077bf8f07ec2e5c
	at java.base/jdk.internal.reflect.NativeConstructorAccessorImpl.newInstance0(Native Method)
	at java.base/jdk.internal.reflect.NativeConstructorAccessorImpl.newInstance(NativeConstructorAccessorImpl.java:77)
	at java.base/jdk.internal.reflect.DelegatingConstructorAccessorImpl.newInstance(DelegatingConstructorAccessorImpl.java:45)
	at java.base/java.lang.reflect.Constructor.newInstanceWithCaller(Constructor.java:499)
	at java.base/java.lang.reflect.Constructor.newInstance(Constructor.java:480)
	at org.openqa.selenium.remote.codec.w3c.W3CHttpResponseCodec.createException(W3CHttpResponseCodec.java:200)
	at org.openqa.selenium.remote.codec.w3c.W3CHttpResponseCodec.decode(W3CHttpResponseCodec.java:133)
	at org.openqa.selenium.remote.codec.w3c.W3CHttpResponseCodec.decode(W3CHttpResponseCodec.java:52)
	at org.openqa.selenium.remote.HttpCommandExecutor.execute(HttpCommandExecutor.java:191)
	at org.openqa.selenium.remote.service.DriverCommandExecutor.invokeExecute(DriverCommandExecutor.java:200)
	at org.openqa.selenium.remote.service.DriverCommandExecutor.execute(DriverCommandExecutor.java:175)
	at org.openqa.selenium.remote.RemoteWebDriver.execute(RemoteWebDriver.java:607)
	at org.openqa.selenium.remote.ElementLocation$ElementFinder$2.findElement(ElementLocation.java:165)
	at org.openqa.selenium.remote.ElementLocation.findElement(ElementLocation.java:59)
	at org.openqa.selenium.remote.RemoteWebDriver.findElement(RemoteWebDriver.java:364)
	at org.openqa.selenium.remote.RemoteWebDriver.findElement(RemoteWebDriver.java:358)
	at org.openqa.selenium.support.pagefactory.DefaultElementLocator.findElement(DefaultElementLocator.java:68)
	at org.openqa.selenium.support.pagefactory.internal.LocatingElementHandler.invoke(LocatingElementHandler.java:38)
	at jdk.proxy2/jdk.proxy2.$Proxy13.getText(Unknown Source)
	at com.Bibhu.PageFactory.RadioButtonFactory.getTitleOfRadioButton(RadioButtonFactory.java:42)
	at com.Bibhu.WebAutomation.RadioButtons.verifyRadioButtonPageTitle(RadioButtons.java:53)
	at java.base/jdk.internal.reflect.NativeMethodAccessorImpl.invoke0(Native Method)
	at java.base/jdk.internal.reflect.NativeMethodAccessorImpl.invoke(NativeMethodAccessorImpl.java:77)
	at java.base/jdk.internal.reflect.DelegatingMethodAccessorImpl.invoke(DelegatingMethodAccessorImpl.java:43)
	at java.base/java.lang.reflect.Method.invoke(Method.java:568)
	at org.testng.internal.invokers.MethodInvocationHelper.invokeMethod(MethodInvocationHelper.java:139)
	at org.testng.internal.invokers.TestInvoker.invokeMethod(TestInvoker.java:664)
	at org.testng.internal.invokers.TestInvoker.invokeTestMethod(TestInvoker.java:227)
	at org.testng.internal.invokers.MethodRunner.runInSequence(MethodRunner.java:50)
	at org.testng.internal.invokers.TestInvoker$MethodInvocationAgent.invoke(TestInvoker.java:957)
	at org.testng.internal.invokers.TestInvoker.invokeTestMethods(TestInvoker.java:200)
	at org.testng.internal.invokers.TestMethodWorker.invokeTestMethods(TestMethodWorker.java:148)
	at org.testng.internal.invokers.TestMethodWorker.run(TestMethodWorker.java:128)
	at java.base/java.util.ArrayList.forEach(ArrayList.java:1511)
	at org.testng.TestRunner.privateRun(TestRunner.java:848)
	at org.testng.TestRunner.run(TestRunner.java:621)
	at org.testng.SuiteRunner.runTest(SuiteRunner.java:443)
	at org.testng.SuiteRunner.runSequentially(SuiteRunner.java:437)
	at org.testng.SuiteRunner.privateRun(SuiteRunner.java:397)
	at org.testng.SuiteRunner.run(SuiteRunner.java:336)
	at org.testng.SuiteRunnerWorker.runSuite(SuiteRunnerWorker.java:52)
	at org.testng.SuiteRunnerWorker.run(SuiteRunnerWorker.java:95)
	at org.testng.TestNG.runSuitesSequentially(TestNG.java:1280)
	at org.testng.TestNG.runSuitesLocally(TestNG.java:1200)
	at org.testng.TestNG.runSuites(TestNG.java:1114)
	at org.testng.TestNG.run(TestNG.java:1082)
	at org.apache.maven.surefire.testng.TestNGExecutor.run(TestNGExecutor.java:283)
	at org.apache.maven.surefire.testng.TestNGXmlTestSuite.execute(TestNGXmlTestSuite.java:75)
	at org.apache.maven.surefire.testng.TestNGProvider.invoke(TestNGProvider.java:120)
	at org.apache.maven.surefire.booter.ForkedBooter.invokeProviderInSameClassLoader(ForkedBooter.java:384)
	at org.apache.maven.surefire.booter.ForkedBooter.runSuitesInProcess(ForkedBooter.java:345)
	at org.apache.maven.surefire.booter.ForkedBooter.execute(ForkedBooter.java:126)
	at org.apache.maven.surefire.booter.ForkedBooter.main(ForkedBooter.java:418)
</pre></div></td>
<td>20</td>
<td>com.Bibhu.WebAutomation.RadioButtons@3f197a46</td></tr>
<tr>
<td title='com.Bibhu.WebAutomation.RadioButtons.RadioButtonOperations()'><b>RadioButtonOperations</b><br>Test class: com.Bibhu.WebAutomation.RadioButtons</td>
<td><div><pre>org.openqa.selenium.NoSuchElementException: no such element: Unable to locate element: {&quot;method&quot;:&quot;xpath&quot;,&quot;selector&quot;:&quot;//*[@id=&quot;radio-btn-example&quot;]/fieldset/label[1]/input&quot;}
  (Session info: chrome=119.0.6045.160)
For documentation on this error, please visit: https://www.selenium.dev/documentation/webdriver/troubleshooting/errors#no-such-element-exception
Build info: version: &apos;4.15.0&apos;, revision: &apos;1d14b5521b&apos;
System info: os.name: &apos;Windows 10&apos;, os.arch: &apos;amd64&apos;, os.version: &apos;10.0&apos;, java.version: &apos;17.0.9&apos;
Driver info: org.openqa.selenium.chrome.ChromeDriver
Command: [4943a1f85df76d769077bf8f07ec2e5c, findElement {using=xpath, value=//*[@id=&quot;radio-btn-example&quot;]/fieldset/label[1]/input}]
Capabilities {acceptInsecureCerts: false, browserName: chrome, browserVersion: 119.0.6045.160, chrome: {chromedriverVersion: 119.0.6045.159 (eaa767197fa..., userDataDir: C:\Users\Bibhu\AppData\Loca...}, fedcm:accounts: true, goog:chromeOptions: {debuggerAddress: localhost:49365}, networkConnectionEnabled: false, pageLoadStrategy: normal, platformName: windows, proxy: Proxy(), se:cdp: ws://localhost:49365/devtoo..., se:cdpVersion: 119.0.6045.160, setWindowRect: true, strictFileInteractability: false, timeouts: {implicit: 0, pageLoad: 300000, script: 30000}, unhandledPromptBehavior: dismiss and notify, webauthn:extension:credBlob: true, webauthn:extension:largeBlob: true, webauthn:extension:minPinLength: true, webauthn:extension:prf: true, webauthn:virtualAuthenticators: true}
Session ID: 4943a1f85df76d769077bf8f07ec2e5c
	at org.openqa.selenium.remote.codec.w3c.W3CHttpResponseCodec.createException(W3CHttpResponseCodec.java:200)
	at org.openqa.selenium.remote.codec.w3c.W3CHttpResponseCodec.decode(W3CHttpResponseCodec.java:133)
	at org.openqa.selenium.remote.codec.w3c.W3CHttpResponseCodec.decode(W3CHttpResponseCodec.java:52)
	at org.openqa.selenium.remote.HttpCommandExecutor.execute(HttpCommandExecutor.java:191)
	at org.openqa.selenium.remote.service.DriverCommandExecutor.invokeExecute(DriverCommandExecutor.java:200)
	at org.openqa.selenium.remote.service.DriverCommandExecutor.execute(DriverCommandExecutor.java:175)
	at org.openqa.selenium.remote.RemoteWebDriver.execute(RemoteWebDriver.java:607)
	at org.openqa.selenium.remote.ElementLocation$ElementFinder$2.findElement(ElementLocation.java:165)
	at org.openqa.selenium.remote.ElementLocation.findElement(ElementLocation.java:59)
	at org.openqa.selenium.remote.RemoteWebDriver.findElement(RemoteWebDriver.java:364)
	at org.openqa.selenium.remote.RemoteWebDriver.findElement(RemoteWebDriver.java:358)
	at org.openqa.selenium.support.pagefactory.DefaultElementLocator.findElement(DefaultElementLocator.java:68)
	at org.openqa.selenium.support.pagefactory.internal.LocatingElementHandler.invoke(LocatingElementHandler.java:38)
	at jdk.proxy2/jdk.proxy2.$Proxy13.isSelected(Unknown Source)
	at com.Bibhu.WebAutomation.RadioButtons.RadioButtonOperations(RadioButtons.java:65)
	at java.base/java.util.ArrayList.forEach(ArrayList.java:1511)
... Removed 36 stack frames</pre></div><a href='#' onClick='toggleBox("stack-trace1163189762", this, "Click to show all stack frames", "Click to hide stack frames")'>Click to show all stack frames</a>
<div class='stack-trace' id='stack-trace1163189762'><pre>org.openqa.selenium.NoSuchElementException: no such element: Unable to locate element: {&quot;method&quot;:&quot;xpath&quot;,&quot;selector&quot;:&quot;//*[@id=&quot;radio-btn-example&quot;]/fieldset/label[1]/input&quot;}
  (Session info: chrome=119.0.6045.160)
For documentation on this error, please visit: https://www.selenium.dev/documentation/webdriver/troubleshooting/errors#no-such-element-exception
Build info: version: &apos;4.15.0&apos;, revision: &apos;1d14b5521b&apos;
System info: os.name: &apos;Windows 10&apos;, os.arch: &apos;amd64&apos;, os.version: &apos;10.0&apos;, java.version: &apos;17.0.9&apos;
Driver info: org.openqa.selenium.chrome.ChromeDriver
Command: [4943a1f85df76d769077bf8f07ec2e5c, findElement {using=xpath, value=//*[@id=&quot;radio-btn-example&quot;]/fieldset/label[1]/input}]
Capabilities {acceptInsecureCerts: false, browserName: chrome, browserVersion: 119.0.6045.160, chrome: {chromedriverVersion: 119.0.6045.159 (eaa767197fa..., userDataDir: C:\Users\Bibhu\AppData\Loca...}, fedcm:accounts: true, goog:chromeOptions: {debuggerAddress: localhost:49365}, networkConnectionEnabled: false, pageLoadStrategy: normal, platformName: windows, proxy: Proxy(), se:cdp: ws://localhost:49365/devtoo..., se:cdpVersion: 119.0.6045.160, setWindowRect: true, strictFileInteractability: false, timeouts: {implicit: 0, pageLoad: 300000, script: 30000}, unhandledPromptBehavior: dismiss and notify, webauthn:extension:credBlob: true, webauthn:extension:largeBlob: true, webauthn:extension:minPinLength: true, webauthn:extension:prf: true, webauthn:virtualAuthenticators: true}
Session ID: 4943a1f85df76d769077bf8f07ec2e5c
	at java.base/jdk.internal.reflect.NativeConstructorAccessorImpl.newInstance0(Native Method)
	at java.base/jdk.internal.reflect.NativeConstructorAccessorImpl.newInstance(NativeConstructorAccessorImpl.java:77)
	at java.base/jdk.internal.reflect.DelegatingConstructorAccessorImpl.newInstance(DelegatingConstructorAccessorImpl.java:45)
	at java.base/java.lang.reflect.Constructor.newInstanceWithCaller(Constructor.java:499)
	at java.base/java.lang.reflect.Constructor.newInstance(Constructor.java:480)
	at org.openqa.selenium.remote.codec.w3c.W3CHttpResponseCodec.createException(W3CHttpResponseCodec.java:200)
	at org.openqa.selenium.remote.codec.w3c.W3CHttpResponseCodec.decode(W3CHttpResponseCodec.java:133)
	at org.openqa.selenium.remote.codec.w3c.W3CHttpResponseCodec.decode(W3CHttpResponseCodec.java:52)
	at org.openqa.selenium.remote.HttpCommandExecutor.execute(HttpCommandExecutor.java:191)
	at org.openqa.selenium.remote.service.DriverCommandExecutor.invokeExecute(DriverCommandExecutor.java:200)
	at org.openqa.selenium.remote.service.DriverCommandExecutor.execute(DriverCommandExecutor.java:175)
	at org.openqa.selenium.remote.RemoteWebDriver.execute(RemoteWebDriver.java:607)
	at org.openqa.selenium.remote.ElementLocation$ElementFinder$2.findElement(ElementLocation.java:165)
	at org.openqa.selenium.remote.ElementLocation.findElement(ElementLocation.java:59)
	at org.openqa.selenium.remote.RemoteWebDriver.findElement(RemoteWebDriver.java:364)
	at org.openqa.selenium.remote.RemoteWebDriver.findElement(RemoteWebDriver.java:358)
	at org.openqa.selenium.support.pagefactory.DefaultElementLocator.findElement(DefaultElementLocator.java:68)
	at org.openqa.selenium.support.pagefactory.internal.LocatingElementHandler.invoke(LocatingElementHandler.java:38)
	at jdk.proxy2/jdk.proxy2.$Proxy13.isSelected(Unknown Source)
	at com.Bibhu.WebAutomation.RadioButtons.RadioButtonOperations(RadioButtons.java:65)
	at java.base/jdk.internal.reflect.NativeMethodAccessorImpl.invoke0(Native Method)
	at java.base/jdk.internal.reflect.NativeMethodAccessorImpl.invoke(NativeMethodAccessorImpl.java:77)
	at java.base/jdk.internal.reflect.DelegatingMethodAccessorImpl.invoke(DelegatingMethodAccessorImpl.java:43)
	at java.base/java.lang.reflect.Method.invoke(Method.java:568)
	at org.testng.internal.invokers.MethodInvocationHelper.invokeMethod(MethodInvocationHelper.java:139)
	at org.testng.internal.invokers.TestInvoker.invokeMethod(TestInvoker.java:664)
	at org.testng.internal.invokers.TestInvoker.invokeTestMethod(TestInvoker.java:227)
	at org.testng.internal.invokers.MethodRunner.runInSequence(MethodRunner.java:50)
	at org.testng.internal.invokers.TestInvoker$MethodInvocationAgent.invoke(TestInvoker.java:957)
	at org.testng.internal.invokers.TestInvoker.invokeTestMethods(TestInvoker.java:200)
	at org.testng.internal.invokers.TestMethodWorker.invokeTestMethods(TestMethodWorker.java:148)
	at org.testng.internal.invokers.TestMethodWorker.run(TestMethodWorker.java:128)
	at java.base/java.util.ArrayList.forEach(ArrayList.java:1511)
	at org.testng.TestRunner.privateRun(TestRunner.java:848)
	at org.testng.TestRunner.run(TestRunner.java:621)
	at org.testng.SuiteRunner.runTest(SuiteRunner.java:443)
	at org.testng.SuiteRunner.runSequentially(SuiteRunner.java:437)
	at org.testng.SuiteRunner.privateRun(SuiteRunner.java:397)
	at org.testng.SuiteRunner.run(SuiteRunner.java:336)
	at org.testng.SuiteRunnerWorker.runSuite(SuiteRunnerWorker.java:52)
	at org.testng.SuiteRunnerWorker.run(SuiteRunnerWorker.java:95)
	at org.testng.TestNG.runSuitesSequentially(TestNG.java:1280)
	at org.testng.TestNG.runSuitesLocally(TestNG.java:1200)
	at org.testng.TestNG.runSuites(TestNG.java:1114)
	at org.testng.TestNG.run(TestNG.java:1082)
	at org.apache.maven.surefire.testng.TestNGExecutor.run(TestNGExecutor.java:283)
	at org.apache.maven.surefire.testng.TestNGXmlTestSuite.execute(TestNGXmlTestSuite.java:75)
	at org.apache.maven.surefire.testng.TestNGProvider.invoke(TestNGProvider.java:120)
	at org.apache.maven.surefire.booter.ForkedBooter.invokeProviderInSameClassLoader(ForkedBooter.java:384)
	at org.apache.maven.surefire.booter.ForkedBooter.runSuitesInProcess(ForkedBooter.java:345)
	at org.apache.maven.surefire.booter.ForkedBooter.execute(ForkedBooter.java:126)
	at org.apache.maven.surefire.booter.ForkedBooter.main(ForkedBooter.java:418)
</pre></div></td>
<td>20</td>
<td>com.Bibhu.WebAutomation.RadioButtons@3f197a46</td></tr>
<tr>
<td title='com.Bibhu.WebAutomation.IframesHandle.verifyTitleofIframe()'><b>verifyTitleofIframe</b><br>Test class: com.Bibhu.WebAutomation.IframesHandle<br>Test method: Verify title of iframe link</td>
<td><div><pre>org.openqa.selenium.NoSuchElementException: no such element: Unable to locate element: {&quot;method&quot;:&quot;xpath&quot;,&quot;selector&quot;:&quot;/html/body/div[5]/fieldset/legend&quot;}
  (Session info: chrome=119.0.6045.160)
For documentation on this error, please visit: https://www.selenium.dev/documentation/webdriver/troubleshooting/errors#no-such-element-exception
Build info: version: &apos;4.15.0&apos;, revision: &apos;1d14b5521b&apos;
System info: os.name: &apos;Windows 10&apos;, os.arch: &apos;amd64&apos;, os.version: &apos;10.0&apos;, java.version: &apos;17.0.9&apos;
Driver info: org.openqa.selenium.chrome.ChromeDriver
Command: [d5f64e434ec673f70d3993553fbc328a, findElement {using=xpath, value=/html/body/div[5]/fieldset/legend}]
Capabilities {acceptInsecureCerts: false, browserName: chrome, browserVersion: 119.0.6045.160, chrome: {chromedriverVersion: 119.0.6045.159 (eaa767197fa..., userDataDir: C:\Users\Bibhu\AppData\Loca...}, fedcm:accounts: true, goog:chromeOptions: {debuggerAddress: localhost:49277}, networkConnectionEnabled: false, pageLoadStrategy: normal, platformName: windows, proxy: Proxy(), se:cdp: ws://localhost:49277/devtoo..., se:cdpVersion: 119.0.6045.160, setWindowRect: true, strictFileInteractability: false, timeouts: {implicit: 0, pageLoad: 300000, script: 30000}, unhandledPromptBehavior: dismiss and notify, webauthn:extension:credBlob: true, webauthn:extension:largeBlob: true, webauthn:extension:minPinLength: true, webauthn:extension:prf: true, webauthn:virtualAuthenticators: true}
Session ID: d5f64e434ec673f70d3993553fbc328a
	at org.openqa.selenium.remote.codec.w3c.W3CHttpResponseCodec.createException(W3CHttpResponseCodec.java:200)
	at org.openqa.selenium.remote.codec.w3c.W3CHttpResponseCodec.decode(W3CHttpResponseCodec.java:133)
	at org.openqa.selenium.remote.codec.w3c.W3CHttpResponseCodec.decode(W3CHttpResponseCodec.java:52)
	at org.openqa.selenium.remote.HttpCommandExecutor.execute(HttpCommandExecutor.java:191)
	at org.openqa.selenium.remote.service.DriverCommandExecutor.invokeExecute(DriverCommandExecutor.java:200)
	at org.openqa.selenium.remote.service.DriverCommandExecutor.execute(DriverCommandExecutor.java:175)
	at org.openqa.selenium.remote.RemoteWebDriver.execute(RemoteWebDriver.java:607)
	at org.openqa.selenium.remote.ElementLocation$ElementFinder$2.findElement(ElementLocation.java:165)
	at org.openqa.selenium.remote.ElementLocation.findElement(ElementLocation.java:59)
	at org.openqa.selenium.remote.RemoteWebDriver.findElement(RemoteWebDriver.java:364)
	at org.openqa.selenium.remote.RemoteWebDriver.findElement(RemoteWebDriver.java:358)
	at com.Bibhu.WebAutomation.IframesHandle.verifyTitleofIframe(IframesHandle.java:70)
	at java.base/java.util.ArrayList.forEach(ArrayList.java:1511)
... Removed 36 stack frames</pre></div><a href='#' onClick='toggleBox("stack-trace1487185741", this, "Click to show all stack frames", "Click to hide stack frames")'>Click to show all stack frames</a>
<div class='stack-trace' id='stack-trace1487185741'><pre>org.openqa.selenium.NoSuchElementException: no such element: Unable to locate element: {&quot;method&quot;:&quot;xpath&quot;,&quot;selector&quot;:&quot;/html/body/div[5]/fieldset/legend&quot;}
  (Session info: chrome=119.0.6045.160)
For documentation on this error, please visit: https://www.selenium.dev/documentation/webdriver/troubleshooting/errors#no-such-element-exception
Build info: version: &apos;4.15.0&apos;, revision: &apos;1d14b5521b&apos;
System info: os.name: &apos;Windows 10&apos;, os.arch: &apos;amd64&apos;, os.version: &apos;10.0&apos;, java.version: &apos;17.0.9&apos;
Driver info: org.openqa.selenium.chrome.ChromeDriver
Command: [d5f64e434ec673f70d3993553fbc328a, findElement {using=xpath, value=/html/body/div[5]/fieldset/legend}]
Capabilities {acceptInsecureCerts: false, browserName: chrome, browserVersion: 119.0.6045.160, chrome: {chromedriverVersion: 119.0.6045.159 (eaa767197fa..., userDataDir: C:\Users\Bibhu\AppData\Loca...}, fedcm:accounts: true, goog:chromeOptions: {debuggerAddress: localhost:49277}, networkConnectionEnabled: false, pageLoadStrategy: normal, platformName: windows, proxy: Proxy(), se:cdp: ws://localhost:49277/devtoo..., se:cdpVersion: 119.0.6045.160, setWindowRect: true, strictFileInteractability: false, timeouts: {implicit: 0, pageLoad: 300000, script: 30000}, unhandledPromptBehavior: dismiss and notify, webauthn:extension:credBlob: true, webauthn:extension:largeBlob: true, webauthn:extension:minPinLength: true, webauthn:extension:prf: true, webauthn:virtualAuthenticators: true}
Session ID: d5f64e434ec673f70d3993553fbc328a
	at java.base/jdk.internal.reflect.NativeConstructorAccessorImpl.newInstance0(Native Method)
	at java.base/jdk.internal.reflect.NativeConstructorAccessorImpl.newInstance(NativeConstructorAccessorImpl.java:77)
	at java.base/jdk.internal.reflect.DelegatingConstructorAccessorImpl.newInstance(DelegatingConstructorAccessorImpl.java:45)
	at java.base/java.lang.reflect.Constructor.newInstanceWithCaller(Constructor.java:499)
	at java.base/java.lang.reflect.Constructor.newInstance(Constructor.java:480)
	at org.openqa.selenium.remote.codec.w3c.W3CHttpResponseCodec.createException(W3CHttpResponseCodec.java:200)
	at org.openqa.selenium.remote.codec.w3c.W3CHttpResponseCodec.decode(W3CHttpResponseCodec.java:133)
	at org.openqa.selenium.remote.codec.w3c.W3CHttpResponseCodec.decode(W3CHttpResponseCodec.java:52)
	at org.openqa.selenium.remote.HttpCommandExecutor.execute(HttpCommandExecutor.java:191)
	at org.openqa.selenium.remote.service.DriverCommandExecutor.invokeExecute(DriverCommandExecutor.java:200)
	at org.openqa.selenium.remote.service.DriverCommandExecutor.execute(DriverCommandExecutor.java:175)
	at org.openqa.selenium.remote.RemoteWebDriver.execute(RemoteWebDriver.java:607)
	at org.openqa.selenium.remote.ElementLocation$ElementFinder$2.findElement(ElementLocation.java:165)
	at org.openqa.selenium.remote.ElementLocation.findElement(ElementLocation.java:59)
	at org.openqa.selenium.remote.RemoteWebDriver.findElement(RemoteWebDriver.java:364)
	at org.openqa.selenium.remote.RemoteWebDriver.findElement(RemoteWebDriver.java:358)
	at com.Bibhu.WebAutomation.IframesHandle.verifyTitleofIframe(IframesHandle.java:70)
	at java.base/jdk.internal.reflect.NativeMethodAccessorImpl.invoke0(Native Method)
	at java.base/jdk.internal.reflect.NativeMethodAccessorImpl.invoke(NativeMethodAccessorImpl.java:77)
	at java.base/jdk.internal.reflect.DelegatingMethodAccessorImpl.invoke(DelegatingMethodAccessorImpl.java:43)
	at java.base/java.lang.reflect.Method.invoke(Method.java:568)
	at org.testng.internal.invokers.MethodInvocationHelper.invokeMethod(MethodInvocationHelper.java:139)
	at org.testng.internal.invokers.TestInvoker.invokeMethod(TestInvoker.java:664)
	at org.testng.internal.invokers.TestInvoker.invokeTestMethod(TestInvoker.java:227)
	at org.testng.internal.invokers.MethodRunner.runInSequence(MethodRunner.java:50)
	at org.testng.internal.invokers.TestInvoker$MethodInvocationAgent.invoke(TestInvoker.java:957)
	at org.testng.internal.invokers.TestInvoker.invokeTestMethods(TestInvoker.java:200)
	at org.testng.internal.invokers.TestMethodWorker.invokeTestMethods(TestMethodWorker.java:148)
	at org.testng.internal.invokers.TestMethodWorker.run(TestMethodWorker.java:128)
	at java.base/java.util.ArrayList.forEach(ArrayList.java:1511)
	at org.testng.TestRunner.privateRun(TestRunner.java:848)
	at org.testng.TestRunner.run(TestRunner.java:621)
	at org.testng.SuiteRunner.runTest(SuiteRunner.java:443)
	at org.testng.SuiteRunner.runSequentially(SuiteRunner.java:437)
	at org.testng.SuiteRunner.privateRun(SuiteRunner.java:397)
	at org.testng.SuiteRunner.run(SuiteRunner.java:336)
	at org.testng.SuiteRunnerWorker.runSuite(SuiteRunnerWorker.java:52)
	at org.testng.SuiteRunnerWorker.run(SuiteRunnerWorker.java:95)
	at org.testng.TestNG.runSuitesSequentially(TestNG.java:1280)
	at org.testng.TestNG.runSuitesLocally(TestNG.java:1200)
	at org.testng.TestNG.runSuites(TestNG.java:1114)
	at org.testng.TestNG.run(TestNG.java:1082)
	at org.apache.maven.surefire.testng.TestNGExecutor.run(TestNGExecutor.java:283)
	at org.apache.maven.surefire.testng.TestNGXmlTestSuite.execute(TestNGXmlTestSuite.java:75)
	at org.apache.maven.surefire.testng.TestNGProvider.invoke(TestNGProvider.java:120)
	at org.apache.maven.surefire.booter.ForkedBooter.invokeProviderInSameClassLoader(ForkedBooter.java:384)
	at org.apache.maven.surefire.booter.ForkedBooter.runSuitesInProcess(ForkedBooter.java:345)
	at org.apache.maven.surefire.booter.ForkedBooter.execute(ForkedBooter.java:126)
	at org.apache.maven.surefire.booter.ForkedBooter.main(ForkedBooter.java:418)
</pre></div></td>
<td>5</td>
<td>com.Bibhu.WebAutomation.IframesHandle@7a69b07</td></tr>
</table><p>
<table width='100%' border='1' class='invocation-passed'>
<tr><td colspan='4' align='center'><b>PASSED TESTS</b></td></tr>
<tr><td><b>Test method</b></td>
<td><b>Attribute(s)</b></td>
<td width="30%"><b>Exception</b></td>
<td width="10%"><b>Time (seconds)</b></td>
<td><b>Instance</b></td>
</tr>
<tr>
<td title='com.Bibhu.WebAutomation.checkBox.checkBoxOperations()'><b>checkBoxOperations</b><br>Test class: com.Bibhu.WebAutomation.checkBox<br>Test method: Verify checkbox selected or deselected</td>
<td></td>
<td>5</td>
<td>com.Bibhu.WebAutomation.checkBox@636be97c</td></tr>
<tr>
<td title='com.Bibhu.WebAutomation.dropdowns.SelectAllOptionsDropdown()'><b>SelectAllOptionsDropdown</b><br>Test class: com.Bibhu.WebAutomation.dropdowns<br>Test method: print all the options available in Dropdown</td>
<td></td>
<td>1</td>
<td>com.Bibhu.WebAutomation.dropdowns@50a638b5</td></tr>
<tr>
<td title='com.Bibhu.WebAutomation.SearchAutosugesstion.searchAutoSuggestion()'><b>searchAutoSuggestion</b><br>Test class: com.Bibhu.WebAutomation.SearchAutosugesstion</td>
<td></td>
<td>5</td>
<td>com.Bibhu.WebAutomation.SearchAutosugesstion@1817d444</td></tr>
<tr>
<td title='com.Bibhu.WebAutomation.dropdowns.dropdownTitle()'><b>dropdownTitle</b><br>Test class: com.Bibhu.WebAutomation.dropdowns<br>Test method: verify dropdown title</td>
<td></td>
<td>4</td>
<td>com.Bibhu.WebAutomation.dropdowns@50a638b5</td></tr>
<tr>
<td title='com.Bibhu.WebAutomation.launchChromeBrowser.VerifyItemAddedToCart()'><b>VerifyItemAddedToCart</b><br>Test class: com.Bibhu.WebAutomation.launchChromeBrowser</td>
<td></td>
<td>0</td>
<td>com.Bibhu.WebAutomation.launchChromeBrowser@635eaaf1</td></tr>
<tr>
<td title='com.Bibhu.ObjectRepository.readPropertiesTest.readConfigProperties2()'><b>readConfigProperties2</b><br>Test class: com.Bibhu.ObjectRepository.readPropertiesTest<br>Test method: Read properties files using resourceAsStream classloader</td>
<td></td>
<td>0</td>
<td>com.Bibhu.ObjectRepository.readPropertiesTest@1ddf84b8</td></tr>
<tr>
<td title='com.Bibhu.WebAutomation.WindowsHandle.titleofWindows()'><b>titleofWindows</b><br>Test class: com.Bibhu.WebAutomation.WindowsHandle<br>Test method: Verify the title of window link</td>
<td></td>
<td>0</td>
<td>com.Bibhu.WebAutomation.WindowsHandle@1139b2f3</td></tr>
<tr>
<td title='com.Bibhu.WebAutomation.TabHandle.launchBrowser()'><b>launchBrowser</b><br>Test class: com.Bibhu.WebAutomation.TabHandle</td>
<td></td>
<td>5</td>
<td>com.Bibhu.WebAutomation.TabHandle@6a400542</td></tr>
<tr>
<td title='com.Bibhu.ObjectRepository.readPropertiesTest.readConfigProperties1()'><b>readConfigProperties1</b><br>Test class: com.Bibhu.ObjectRepository.readPropertiesTest<br>Test method: Read properties files using filepath</td>
<td></td>
<td>0</td>
<td>com.Bibhu.ObjectRepository.readPropertiesTest@1ddf84b8</td></tr>
<tr>
<td title='com.Bibhu.WebAutomation.RadioButtons.launchBrowser()'><b>launchBrowser</b><br>Test class: com.Bibhu.WebAutomation.RadioButtons</td>
<td></td>
<td>5</td>
<td>com.Bibhu.WebAutomation.RadioButtons@3f197a46</td></tr>
<tr>
<td title='com.Bibhu.WebAutomation.checkBox.verifyTitleOfCheckbox()'><b>verifyTitleOfCheckbox</b><br>Test class: com.Bibhu.WebAutomation.checkBox<br>Test method: Verify title of checkbox</td>
<td></td>
<td>0</td>
<td>com.Bibhu.WebAutomation.checkBox@636be97c</td></tr>
<tr>
<td title='com.Bibhu.WebAutomation.dropdowns.launchApplication()'><b>launchApplication</b><br>Test class: com.Bibhu.WebAutomation.dropdowns<br>Test method: Launching the application</td>
<td></td>
<td>23</td>
<td>com.Bibhu.WebAutomation.dropdowns@50a638b5</td></tr>
<tr>
<td title='com.Bibhu.WebAutomation.IframesHandle.launchBrowser()'><b>launchBrowser</b><br>Test class: com.Bibhu.WebAutomation.IframesHandle</td>
<td></td>
<td>3</td>
<td>com.Bibhu.WebAutomation.IframesHandle@7a69b07</td></tr>
<tr>
<td title='com.Bibhu.WebAutomation.TabHandle.titleofWindowsTab()'><b>titleofWindowsTab</b><br>Test class: com.Bibhu.WebAutomation.TabHandle<br>Test method: Verify the title of window link</td>
<td></td>
<td>0</td>
<td>com.Bibhu.WebAutomation.TabHandle@6a400542</td></tr>
<tr>
<td title='com.Bibhu.WebAutomation.confirmationPopHandle.launchApplication()'><b>launchApplication</b><br>Test class: com.Bibhu.WebAutomation.confirmationPopHandle</td>
<td></td>
<td>18</td>
<td>com.Bibhu.WebAutomation.confirmationPopHandle@c267ef4</td></tr>
<tr>
<td title='com.Bibhu.WebAutomation.SearchAutosugesstion.launchApplication()'><b>launchApplication</b><br>Test class: com.Bibhu.WebAutomation.SearchAutosugesstion</td>
<td></td>
<td>31</td>
<td>com.Bibhu.WebAutomation.SearchAutosugesstion@1817d444</td></tr>
<tr>
<td title='com.Bibhu.ObjectRepository.DataProviderTest.receiveTestData()'><b>receiveTestData</b><br>Test class: com.Bibhu.ObjectRepository.DataProviderTest<br>Parameters: Test1, 12345</td>
<td></td>
<td>0</td>
<td>com.Bibhu.ObjectRepository.DataProviderTest@30ee2816</td></tr>
<tr>
<td title='com.Bibhu.WebAutomation.WindowsHandle.launchBrowser()'><b>launchBrowser</b><br>Test class: com.Bibhu.WebAutomation.WindowsHandle</td>
<td></td>
<td>3</td>
<td>com.Bibhu.WebAutomation.WindowsHandle@1139b2f3</td></tr>
<tr>
<td title='com.Bibhu.WebAutomation.launchChromeBrowser.selectProduct()'><b>selectProduct</b><br>Test class: com.Bibhu.WebAutomation.launchChromeBrowser<br>Test method: Verify cart after adding item</td>
<td></td>
<td>7</td>
<td>com.Bibhu.WebAutomation.launchChromeBrowser@635eaaf1</td></tr>
<tr>
<td title='com.Bibhu.WebAutomation.dropdowns.launchBrowser()'><b>launchBrowser</b><br>Test class: com.Bibhu.WebAutomation.dropdowns<br>Test method: Lanching the chrome browser</td>
<td></td>
<td>3</td>
<td>com.Bibhu.WebAutomation.dropdowns@50a638b5</td></tr>
<tr>
<td title='com.Bibhu.WebAutomation.WindowsHandle.launchApplication()'><b>launchApplication</b><br>Test class: com.Bibhu.WebAutomation.WindowsHandle</td>
<td></td>
<td>12</td>
<td>com.Bibhu.WebAutomation.WindowsHandle@1139b2f3</td></tr>
<tr>
<td title='com.Bibhu.WebAutomation.confirmationPopHandle.confirmationpopUpOperations()'><b>confirmationpopUpOperations</b><br>Test class: com.Bibhu.WebAutomation.confirmationPopHandle<br>Test method: Confirmation pop up operations accept/cancel</td>
<td></td>
<td>25</td>
<td>com.Bibhu.WebAutomation.confirmationPopHandle@c267ef4</td></tr>
<tr>
<td title='com.Bibhu.WebAutomation.launchChromeBrowser.launchBrowser()'><b>launchBrowser</b><br>Test class: com.Bibhu.WebAutomation.launchChromeBrowser</td>
<td></td>
<td>3</td>
<td>com.Bibhu.WebAutomation.launchChromeBrowser@635eaaf1</td></tr>
<tr>
<td title='com.Bibhu.WebAutomation.SearchAutosugesstion.launchBrowser()'><b>launchBrowser</b><br>Test class: com.Bibhu.WebAutomation.SearchAutosugesstion</td>
<td></td>
<td>4</td>
<td>com.Bibhu.WebAutomation.SearchAutosugesstion@1817d444</td></tr>
<tr>
<td title='com.Bibhu.ObjectRepository.DataProviderTest.receiveTestData()'><b>receiveTestData</b><br>Test class: com.Bibhu.ObjectRepository.DataProviderTest<br>Parameters: Test2, 123456</td>
<td></td>
<td>0</td>
<td>com.Bibhu.ObjectRepository.DataProviderTest@30ee2816</td></tr>
<tr>
<td title='com.Bibhu.WebAutomation.TabHandle.windowsTabOperations()'><b>windowsTabOperations</b><br>Test class: com.Bibhu.WebAutomation.TabHandle<br>Test method: Verify multiple windows operation</td>
<td></td>
<td>10</td>
<td>com.Bibhu.WebAutomation.TabHandle@6a400542</td></tr>
<tr>
<td title='com.Bibhu.WebAutomation.confirmationPopHandle.titleOfAlertPop()'><b>titleOfAlertPop</b><br>Test class: com.Bibhu.WebAutomation.confirmationPopHandle<br>Test method: Verify the title of Alert</td>
<td></td>
<td>0</td>
<td>com.Bibhu.WebAutomation.confirmationPopHandle@c267ef4</td></tr>
<tr>
<td title='com.Bibhu.WebAutomation.WindowsHandle.windowsOperations()'><b>windowsOperations</b><br>Test class: com.Bibhu.WebAutomation.WindowsHandle<br>Test method: Verify multiple windows operation</td>
<td></td>
<td>16</td>
<td>com.Bibhu.WebAutomation.WindowsHandle@1139b2f3</td></tr>
<tr>
<td title='com.Bibhu.WebAutomation.WebTableHandle.launchApplication()'><b>launchApplication</b><br>Test class: com.Bibhu.WebAutomation.WebTableHandle<br>Test method: launching the Application and project</td>
<td></td>
<td>19</td>
<td>com.Bibhu.WebAutomation.WebTableHandle@5e82df6a</td></tr>
<tr>
<td title='com.Bibhu.Parameterization.parameterizationTest.testParameterAtSuiteLevel()'><b>testParameterAtSuiteLevel</b><br>Test class: com.Bibhu.Parameterization.parameterizationTest<br>Parameters: Bibhu, 123456</td>
<td></td>
<td>0</td>
<td>com.Bibhu.Parameterization.parameterizationTest@31d7b7bf</td></tr>
<tr>
<td title='com.Bibhu.WebAutomation.confirmationPopHandle.launchBrowser()'><b>launchBrowser</b><br>Test class: com.Bibhu.WebAutomation.confirmationPopHandle</td>
<td></td>
<td>4</td>
<td>com.Bibhu.WebAutomation.confirmationPopHandle@c267ef4</td></tr>
<tr>
<td title='com.Bibhu.WebAutomation.WebTableHandle.launchBrowser()'><b>launchBrowser</b><br>Test class: com.Bibhu.WebAutomation.WebTableHandle<br>Test method: Browser launching</td>
<td></td>
<td>3</td>
<td>com.Bibhu.WebAutomation.WebTableHandle@5e82df6a</td></tr>
<tr>
<td title='com.Bibhu.WebAutomation.WebTableHandle.titleOfWebLink()'><b>titleOfWebLink</b><br>Test class: com.Bibhu.WebAutomation.WebTableHandle<br>Test method: Verify the title of WebTable Link</td>
<td></td>
<td>0</td>
<td>com.Bibhu.WebAutomation.WebTableHandle@5e82df6a</td></tr>
<tr>
<td title='com.Bibhu.WebAutomation.checkBox.launchApplication()'><b>launchApplication</b><br>Test class: com.Bibhu.WebAutomation.checkBox</td>
<td></td>
<td>15</td>
<td>com.Bibhu.WebAutomation.checkBox@636be97c</td></tr>
<tr>
<td title='com.Bibhu.WebAutomation.WebTableHandle.webTableOperation()'><b>webTableOperation</b><br>Test class: com.Bibhu.WebAutomation.WebTableHandle<br>Test method: Perform operation on web table</td>
<td></td>
<td>5</td>
<td>com.Bibhu.WebAutomation.WebTableHandle@5e82df6a</td></tr>
<tr>
<td title='com.Bibhu.WebAutomation.RadioButtons.launchApplication()'><b>launchApplication</b><br>Test class: com.Bibhu.WebAutomation.RadioButtons<br>Test method: Verify if Application is getting launched</td>
<td></td>
<td>23</td>
<td>com.Bibhu.WebAutomation.RadioButtons@3f197a46</td></tr>
<tr>
<td title='com.Bibhu.WebAutomation.IframesHandle.launchApplication()'><b>launchApplication</b><br>Test class: com.Bibhu.WebAutomation.IframesHandle</td>
<td></td>
<td>17</td>
<td>com.Bibhu.WebAutomation.IframesHandle@7a69b07</td></tr>
<tr>
<td title='com.Bibhu.WebAutomation.checkBox.launchBrowser()'><b>launchBrowser</b><br>Test class: com.Bibhu.WebAutomation.checkBox</td>
<td></td>
<td>3</td>
<td>com.Bibhu.WebAutomation.checkBox@636be97c</td></tr>
<tr>
<td title='com.Bibhu.WebAutomation.TabHandle.launchApplication()'><b>launchApplication</b><br>Test class: com.Bibhu.WebAutomation.TabHandle</td>
<td></td>
<td>13</td>
<td>com.Bibhu.WebAutomation.TabHandle@6a400542</td></tr>
<tr>
<td title='com.Bibhu.WebAutomation.IframesHandle.iframeOperation()'><b>iframeOperation</b><br>Test class: com.Bibhu.WebAutomation.IframesHandle<br>Test method: Verify the IfrmeOperation</td>
<td></td>
<td>20</td>
<td>com.Bibhu.WebAutomation.IframesHandle@7a69b07</td></tr>
<tr>
<td title='com.Bibhu.ObjectRepository.DataProviderTest.receiveTestData()'><b>receiveTestData</b><br>Test class: com.Bibhu.ObjectRepository.DataProviderTest<br>Parameters: Test3, 1234567</td>
<td></td>
<td>0</td>
<td>com.Bibhu.ObjectRepository.DataProviderTest@30ee2816</td></tr>
<tr>
<td title='com.Bibhu.WebAutomation.launchChromeBrowser.launchApplication()'><b>launchApplication</b><br>Test class: com.Bibhu.WebAutomation.launchChromeBrowser</td>
<td></td>
<td>18</td>
<td>com.Bibhu.WebAutomation.launchChromeBrowser@635eaaf1</td></tr>
<tr>
<td title='com.Bibhu.WebAutomation.launchChromeBrowser.verifyHomePageTitle()'><b>verifyHomePageTitle</b><br>Test class: com.Bibhu.WebAutomation.launchChromeBrowser</td>
<td></td>
<td>0</td>
<td>com.Bibhu.WebAutomation.launchChromeBrowser@635eaaf1</td></tr>
</table><p>
</body>
</html>